{
  "RSpec": {
    "coverage": {
      "/Users/karen/Gems/paid_up/spec/dummy/config/environment.rb": [
        null,
        1,
        null,
        null,
        1
      ],
      "/Users/karen/Gems/paid_up/spec/dummy/config/application.rb": [
        1,
        null,
        null,
        1,
        1,
        null,
        1,
        1,
        null,
        1,
        1,
        null,
        1,
        1,
        null,
        null,
        null,
        null,
        null,
        null,
        null,
        null,
        null,
        null,
        null,
        null,
        null,
        null,
        null,
        null,
        null,
        null,
        1,
        null,
        1,
        1,
        1,
        1,
        1,
        1,
        1,
        1,
        1,
        1,
        null,
        null,
        null
      ],
      "/Users/karen/Gems/paid_up/spec/dummy/config/boot.rb": [
        null,
        1,
        null,
        1,
        1
      ],
      "/Users/karen/Gems/paid_up/lib/paid_up.rb": [
        null,
        1,
        1,
        1,
        1,
        1,
        1,
        null,
        1,
        null,
        1,
        1,
        1,
        1,
        null,
        1,
        1,
        null,
        1,
        1,
        1,
        1,
        1,
        1,
        null,
        1,
        1,
        null,
        1,
        1,
        null,
        1,
        1,
        null,
        1,
        1,
        null,
        null,
        1,
        null,
        1,
        null,
        1,
        1
      ],
      "/Users/karen/Gems/paid_up/lib/paid_up/validators/table_rows.rb": [
        1,
        1,
        null,
        1,
        1,
        null,
        null,
        null,
        7,
        null,
        null,
        1,
        null,
        null,
        null,
        null,
        null
      ],
      "/Users/karen/Gems/paid_up/lib/paid_up/validators/rolify_rows.rb": [
        1,
        1,
        null,
        1,
        1,
        null,
        null,
        null,
        7,
        null,
        null,
        1,
        null,
        null,
        null,
        null,
        null
      ],
      "/Users/karen/Gems/paid_up/lib/paid_up/configuration.rb": [
        null,
        1,
        1,
        1,
        1,
        null,
        null,
        1,
        96,
        null,
        null,
        null,
        1,
        1,
        null,
        null,
        null,
        null,
        null,
        null,
        1,
        1,
        1,
        1,
        1,
        null,
        null,
        null
      ],
      "/Users/karen/Gems/paid_up/lib/paid_up/feature.rb": [
        null,
        1,
        1,
        null,
        1,
        4,
        4,
        null,
        null,
        1,
        1901,
        null,
        null,
        null,
        1,
        1,
        1,
        null,
        1,
        null,
        1,
        1,
        null,
        null,
        null,
        1,
        null,
        null,
        null,
        null,
        null,
        1,
        null,
        null,
        null,
        null,
        null,
        null,
        1,
        1901,
        null,
        null,
        1,
        0,
        null,
        null,
        1,
        853,
        853,
        0,
        null,
        853,
        null,
        null,
        1,
        852,
        null,
        null,
        1,
        1820,
        null,
        null,
        1,
        80,
        null,
        null,
        1,
        3,
        3,
        12,
        12,
        12,
        null,
        12,
        null,
        3,
        null,
        null,
        1,
        1,
        null,
        null,
        null,
        1,
        null,
        null,
        3,
        0,
        3,
        1,
        null,
        2,
        null,
        null,
        null,
        1,
        10,
        null,
        null,
        null
      ],
      "/Users/karen/Gems/paid_up/lib/paid_up/railtie.rb": [
        1,
        1,
        null,
        null
      ],
      "/Users/karen/Gems/paid_up/lib/paid_up/engine.rb": [
        1,
        null,
        1,
        1,
        1,
        null,
        1,
        1,
        1,
        1,
        1,
        1,
        1,
        1,
        1,
        1,
        null,
        null,
        1,
        0,
        null,
        null,
        null
      ],
      "/Users/karen/Gems/paid_up/lib/paid_up/localization.rb": [
        null,
        1,
        1,
        0,
        0,
        null,
        0,
        null,
        0,
        null,
        0,
        null,
        1,
        null,
        1,
        null,
        null,
        1,
        1,
        607,
        607,
        null,
        1,
        null,
        1,
        0,
        null,
        null,
        null,
        1
      ],
      "/Users/karen/Gems/paid_up/lib/paid_up/version.rb": [
        null,
        1,
        1,
        1,
        1,
        null,
        null
      ],
      "/Users/karen/Gems/paid_up/lib/paid_up/extensions/stripe.rb": [
        1,
        1,
        null,
        1,
        1,
        1,
        1,
        8,
        null,
        0,
        0,
        null,
        null,
        null,
        null,
        null
      ],
      "/Users/karen/Gems/paid_up/lib/paid_up/extensions/integer.rb": [
        1,
        1,
        null,
        1,
        1,
        8,
        null,
        null,
        null,
        null
      ],
      "/Users/karen/Gems/paid_up/lib/paid_up/mixins/subscriber.rb": [
        1,
        1,
        null,
        1,
        1,
        1,
        1,
        1,
        1,
        2,
        null,
        null,
        1,
        1,
        1,
        null,
        1,
        47,
        47,
        47,
        null,
        1,
        5159,
        null,
        1,
        31,
        null,
        null,
        null,
        null,
        1,
        null,
        47,
        39,
        9,
        9,
        9,
        null,
        39,
        3,
        3,
        null,
        39,
        0,
        0,
        null,
        39,
        39,
        0,
        null,
        8,
        null,
        null,
        null,
        null,
        null,
        8,
        8,
        0,
        null,
        null,
        8,
        8,
        0,
        null,
        0,
        null,
        null,
        47,
        null,
        1,
        2,
        null,
        1,
        1146,
        1146,
        null,
        0,
        null,
        null,
        1,
        25,
        null,
        1,
        89,
        null,
        1,
        217,
        null,
        1,
        100,
        100,
        null,
        1,
        21,
        null,
        1,
        39,
        null,
        1,
        113,
        null,
        1,
        46,
        46,
        null,
        1,
        2,
        2,
        null,
        1,
        2441,
        2441,
        null,
        1,
        201,
        null,
        1,
        null,
        null,
        84,
        84,
        null,
        1,
        null,
        null,
        94,
        94,
        null,
        1,
        null,
        2,
        2,
        null,
        1,
        279,
        31,
        null,
        null,
        1,
        1,
        326,
        null,
        31,
        null,
        295,
        295,
        null,
        null,
        326,
        null,
        null,
        null,
        44,
        null,
        null,
        326,
        null,
        1,
        1,
        29,
        8,
        null,
        null,
        1,
        null,
        null,
        null,
        null,
        null
      ],
      "/Users/karen/Gems/paid_up/lib/paid_up/mixins/paid_for.rb": [
        1,
        1,
        null,
        1,
        1,
        1,
        1,
        51,
        null,
        null,
        1,
        3,
        null,
        null,
        3,
        3,
        null,
        null,
        null,
        1,
        1,
        null,
        2,
        2,
        null,
        0,
        null,
        null,
        null,
        null,
        null,
        null,
        3,
        3,
        146,
        null,
        null,
        null,
        3,
        30,
        null,
        10,
        null,
        20,
        null,
        null,
        null,
        3,
        1,
        1,
        1,
        null,
        0,
        null,
        null,
        null,
        null,
        3,
        12,
        12,
        12,
        null,
        12,
        null,
        null,
        3,
        15,
        15,
        15,
        null,
        6,
        null,
        null,
        null,
        9,
        null,
        null,
        null,
        null,
        0,
        null,
        null,
        null,
        null,
        null,
        null,
        15,
        null,
        null,
        3,
        8,
        null,
        null,
        3,
        7,
        4,
        null,
        3,
        null,
        3,
        null,
        null,
        null,
        null,
        null,
        null,
        null
      ],
      "/Users/karen/Gems/paid_up/spec/dummy/config/environments/test.rb": [
        1,
        null,
        null,
        null,
        null,
        null,
        null,
        null,
        1,
        null,
        null,
        null,
        null,
        1,
        null,
        null,
        1,
        1,
        null,
        null,
        1,
        1,
        null,
        null,
        1,
        null,
        null,
        1,
        null,
        null,
        null,
        null,
        1,
        null,
        null,
        1,
        null,
        null,
        1,
        null,
        null,
        null,
        null
      ],
      "/Users/karen/Gems/paid_up/config/initializers/stripe.rb": [
        1,
        null,
        null,
        null,
        null,
        1
      ],
      "/Users/karen/Gems/paid_up/spec/dummy/config/initializers/assets.rb": [
        null,
        null,
        null,
        1,
        null,
        null,
        null,
        null,
        null,
        null,
        null,
        null
      ],
      "/Users/karen/Gems/paid_up/spec/dummy/config/initializers/backtrace_silencers.rb": [
        null,
        null,
        null,
        null,
        null,
        null,
        null,
        null,
        null
      ],
      "/Users/karen/Gems/paid_up/spec/dummy/config/initializers/cookies_serializer.rb": [
        null,
        null,
        1
      ],
      "/Users/karen/Gems/paid_up/spec/dummy/config/initializers/devise.rb": [
        null,
        null,
        1,
        null,
        null,
        null,
        null,
        null,
        null,
        null,
        null,
        null,
        null,
        null,
        1,
        null,
        null,
        null,
        null,
        null,
        null,
        null,
        null,
        1,
        null,
        null,
        null,
        null,
        null,
        null,
        null,
        null,
        null,
        null,
        null,
        null,
        null,
        null,
        null,
        null,
        null,
        null,
        null,
        null,
        null,
        null,
        null,
        1,
        null,
        null,
        null,
        null,
        null,
        1,
        null,
        null,
        null,
        null,
        null,
        null,
        null,
        null,
        null,
        null,
        null,
        null,
        null,
        null,
        null,
        null,
        null,
        null,
        null,
        null,
        null,
        null,
        null,
        null,
        null,
        null,
        null,
        null,
        null,
        null,
        null,
        null,
        1,
        null,
        null,
        null,
        null,
        null,
        null,
        null,
        null,
        null,
        null,
        null,
        null,
        null,
        null,
        null,
        null,
        null,
        null,
        1,
        null,
        null,
        null,
        null,
        null,
        null,
        null,
        null,
        null,
        null,
        null,
        null,
        null,
        null,
        null,
        null,
        null,
        null,
        null,
        null,
        null,
        null,
        null,
        null,
        null,
        null,
        null,
        1,
        null,
        null,
        null,
        null,
        null,
        null,
        null,
        null,
        null,
        1,
        null,
        null,
        null,
        null,
        null,
        null,
        null,
        null,
        null,
        null,
        1,
        null,
        null,
        null,
        null,
        null,
        null,
        null,
        null,
        null,
        null,
        null,
        null,
        null,
        null,
        null,
        null,
        null,
        null,
        null,
        null,
        null,
        null,
        null,
        null,
        null,
        null,
        null,
        null,
        null,
        null,
        null,
        null,
        null,
        null,
        null,
        null,
        null,
        null,
        null,
        null,
        null,
        null,
        null,
        null,
        null,
        null,
        null,
        null,
        null,
        null,
        1,
        null,
        null,
        null,
        null,
        null,
        null,
        null,
        null,
        null,
        null,
        null,
        null,
        null,
        null,
        null,
        null,
        null,
        null,
        null,
        null,
        null,
        null,
        null,
        null,
        null,
        null,
        null,
        null,
        null,
        null,
        null,
        null,
        null,
        null,
        null,
        null,
        null,
        1,
        null,
        null,
        null,
        null,
        null,
        null,
        null,
        null,
        null,
        null,
        null,
        null,
        null,
        null,
        null,
        null,
        null,
        null,
        null,
        null,
        null,
        null,
        null,
        null,
        null,
        null,
        null,
        null,
        null,
        null,
        null
      ],
      "/Users/karen/Gems/paid_up/spec/dummy/config/initializers/filter_parameter_logging.rb": [
        null,
        null,
        null,
        1
      ],
      "/Users/karen/Gems/paid_up/spec/dummy/config/initializers/high_voltage.rb": [
        1,
        1,
        null
      ],
      "/Users/karen/Gems/paid_up/spec/dummy/config/initializers/inflections.rb": [
        null,
        null,
        null,
        null,
        null,
        null,
        null,
        null,
        null,
        null,
        null,
        null,
        null,
        null,
        null,
        null
      ],
      "/Users/karen/Gems/paid_up/spec/dummy/config/initializers/mime_types.rb": [
        null,
        null,
        null,
        null
      ],
      "/Users/karen/Gems/paid_up/spec/dummy/config/initializers/paid_up.rb": [
        1,
        1,
        1,
        1,
        null,
        1,
        null,
        null,
        null,
        null,
        null,
        1,
        null,
        null,
        null,
        null,
        null,
        null,
        null,
        null,
        1,
        null,
        null,
        null,
        null,
        null,
        1,
        null,
        null,
        null,
        null,
        null,
        null
      ],
      "/Users/karen/Gems/paid_up/spec/dummy/config/initializers/rolify.rb": [
        1,
        null,
        null,
        null,
        null,
        null,
        null,
        null
      ],
      "/Users/karen/Gems/paid_up/spec/dummy/config/initializers/session_store.rb": [
        null,
        null,
        1
      ],
      "/Users/karen/Gems/paid_up/spec/dummy/config/initializers/wrap_parameters.rb": [
        null,
        null,
        null,
        null,
        null,
        null,
        null,
        1,
        1,
        null,
        null,
        null,
        null,
        null,
        null
      ],
      "/Users/karen/Gems/paid_up/spec/dummy/spec/factories/group.rb": [
        1,
        1,
        1,
        1,
        1,
        null,
        null,
        null,
        null,
        null,
        1,
        32,
        null,
        null,
        null
      ],
      "/Users/karen/Gems/paid_up/spec/dummy/spec/factories/plan.rb": [
        1,
        1,
        1,
        1,
        1,
        null,
        null
      ],
      "/Users/karen/Gems/paid_up/spec/dummy/spec/factories/plan_feature_setting.rb": [
        1,
        1,
        1,
        1,
        1,
        null,
        null
      ],
      "/Users/karen/Gems/paid_up/spec/dummy/spec/factories/post.rb": [
        1,
        1,
        1,
        1,
        1,
        null,
        null
      ],
      "/Users/karen/Gems/paid_up/spec/dummy/spec/factories/user.rb": [
        1,
        1,
        1,
        8,
        null,
        1,
        1,
        1,
        2,
        1,
        null,
        null,
        null,
        null,
        null,
        1,
        8,
        1,
        null,
        null,
        null,
        null,
        null,
        null,
        null,
        1,
        null,
        7,
        null,
        null,
        null,
        null,
        null,
        null,
        null,
        7,
        null,
        8,
        null,
        null,
        null
      ],
      "/Users/karen/Gems/paid_up/spec/dummy/config/routes.rb": [
        1,
        1,
        1,
        null
      ],
      "/Users/karen/Gems/paid_up/spec/dummy/app/models/user.rb": [
        1,
        1,
        null,
        null,
        1,
        null,
        1,
        null
      ],
      "/Users/karen/Gems/paid_up/config/routes.rb": [
        1,
        1,
        1,
        null,
        null,
        1,
        null
      ],
      "/Users/karen/Gems/paid_up/spec/support/controller_macros.rb": [
        1,
        1,
        16,
        16,
        null,
        null,
        1,
        23,
        23,
        23,
        null,
        null
      ],
      "/Users/karen/Gems/paid_up/spec/support/factory_girl.rb": [
        1,
        1,
        null
      ],
      "/Users/karen/Gems/paid_up/spec/support/loaded_site/features.rb": [
        1,
        218,
        218,
        218,
        218,
        null
      ],
      "/Users/karen/Gems/paid_up/spec/support/loaded_site/groups.rb": [
        1,
        17,
        16,
        13,
        13,
        null
      ],
      "/Users/karen/Gems/paid_up/spec/support/loaded_site/loaded_site.rb": [
        1,
        12,
        12,
        12,
        12,
        12,
        12,
        null
      ],
      "/Users/karen/Gems/paid_up/spec/support/loaded_site/plans.rb": [
        1,
        218,
        218,
        218,
        12,
        206,
        null,
        12,
        206,
        null,
        null
      ],
      "/Users/karen/Gems/paid_up/spec/support/loaded_site/posts.rb": [
        1,
        14,
        13,
        13,
        13,
        13,
        null
      ],
      "/Users/karen/Gems/paid_up/spec/support/loaded_site/users.rb": [
        1,
        46,
        36,
        31,
        60,
        17,
        19,
        null
      ],
      "/Users/karen/Gems/paid_up/spec/support/stripe.rb": [
        1,
        12,
        null,
        null,
        null,
        null,
        null,
        9,
        null,
        null,
        null,
        1,
        9,
        0,
        0,
        0,
        0,
        null,
        9,
        null
      ],
      "/Users/karen/Gems/paid_up/app/controllers/paid_up/plans_controller.rb": [
        1,
        null,
        1,
        1,
        5,
        null,
        null,
        null
      ],
      "/Users/karen/Gems/paid_up/app/controllers/paid_up/paid_up_controller.rb": [
        1,
        null,
        1,
        1,
        null,
        1,
        1,
        null,
        1,
        null,
        1,
        31,
        null,
        null,
        1,
        31,
        0,
        0,
        null,
        null,
        null,
        null,
        null,
        null,
        null,
        null
      ],
      "/Users/karen/Gems/paid_up/spec/dummy/app/controllers/application_controller.rb": [
        1,
        1,
        null
      ],
      "/Users/karen/Gems/paid_up/app/helpers/paid_up/paid_up_helper.rb": [
        1,
        null,
        1,
        1,
        4,
        null,
        4,
        4,
        null,
        null,
        4,
        4,
        null,
        4,
        null,
        null,
        1,
        0,
        null,
        null,
        null
      ],
      "/Users/karen/Gems/paid_up/app/helpers/paid_up/features_helper.rb": [
        1,
        null,
        1,
        1,
        null,
        1,
        0,
        0,
        null,
        0,
        0,
        null,
        null,
        0,
        null,
        null,
        1,
        344,
        86,
        66,
        null,
        20,
        null,
        258,
        52,
        null,
        206,
        null,
        null,
        null,
        1,
        26,
        null,
        26,
        6,
        6,
        null,
        20,
        null,
        null,
        26,
        26,
        6,
        6,
        null,
        26,
        0,
        0,
        null,
        null,
        26,
        10,
        10,
        null,
        16,
        null,
        null,
        26,
        null,
        null,
        null,
        null,
        null,
        null,
        null,
        null,
        null,
        null,
        null,
        1,
        4,
        4,
        null,
        null,
        null,
        null,
        null,
        null
      ],
      "/Users/karen/Gems/paid_up/app/helpers/paid_up/plans_helper.rb": [
        1,
        null,
        1,
        1,
        null,
        1,
        176,
        6,
        6,
        6,
        6,
        6,
        null,
        6,
        6,
        null,
        6,
        null,
        6,
        null,
        6,
        null,
        null,
        6,
        null,
        6,
        null,
        170,
        null,
        176,
        null,
        null,
        1,
        182,
        182,
        0,
        0,
        null,
        182,
        null,
        null,
        1,
        160,
        160,
        160,
        160,
        80,
        80,
        0,
        0,
        null,
        0,
        0,
        null,
        60,
        60,
        60,
        null,
        20,
        20,
        20,
        20,
        null,
        0,
        0,
        null,
        null,
        80,
        80,
        80,
        null,
        160,
        160,
        null,
        null,
        null
      ],
      "/Users/karen/Gems/paid_up/app/helpers/paid_up/subscriptions_helper.rb": [
        1,
        null,
        1,
        1,
        null,
        1,
        4,
        null,
        4,
        null,
        4,
        4,
        null,
        null,
        null,
        null,
        null,
        4,
        0,
        null,
        null,
        null,
        null,
        null,
        4,
        null,
        null,
        null
      ],
      "/Users/karen/Gems/paid_up/spec/controllers/paid_up/subscriptions_spec.rb": [
        1,
        null,
        1,
        1,
        27,
        null,
        1,
        1,
        1,
        2,
        2,
        null,
        1,
        3,
        2,
        2,
        null,
        null,
        1,
        1,
        3,
        3,
        null,
        1,
        3,
        2,
        2,
        null,
        1,
        2,
        2,
        null,
        null,
        null,
        null,
        1,
        1,
        1,
        2,
        2,
        null,
        1,
        3,
        2,
        2,
        null,
        null,
        1,
        1,
        1,
        1,
        4,
        4,
        null,
        1,
        4,
        null,
        1,
        3,
        2,
        2,
        null,
        1,
        2,
        2,
        null,
        1,
        2,
        2,
        null,
        null,
        1,
        1,
        3,
        3,
        null,
        1,
        3,
        null,
        1,
        3,
        2,
        2,
        null,
        1,
        2,
        1,
        1,
        null,
        null,
        null,
        null,
        null,
        1,
        1,
        3,
        3,
        null,
        1,
        3,
        null,
        1,
        3,
        2,
        2,
        null,
        1,
        2,
        1,
        1,
        null,
        null,
        null,
        null,
        null,
        null,
        null,
        null,
        null,
        1,
        1,
        1,
        2,
        2,
        null,
        1,
        3,
        2,
        2,
        null,
        null,
        1,
        1,
        1,
        1,
        3,
        3,
        3,
        null,
        1,
        3,
        null,
        1,
        3,
        2,
        2,
        null,
        1,
        2,
        1,
        1,
        null,
        null,
        null,
        null,
        null,
        1,
        1,
        3,
        3,
        3,
        null,
        null,
        null,
        null,
        null,
        null,
        1,
        3,
        null,
        1,
        3,
        2,
        2,
        null,
        1,
        2,
        1,
        1,
        null,
        null,
        null,
        null,
        null,
        null,
        1,
        1,
        1,
        1,
        1,
        null,
        1,
        1,
        null,
        1,
        2,
        1,
        1,
        null,
        null,
        null,
        null,
        null,
        null,
        null,
        null,
        null
      ],
      "/Users/karen/Gems/paid_up/app/controllers/paid_up/subscriptions_controller.rb": [
        1,
        null,
        1,
        1,
        1,
        null,
        1,
        null,
        null,
        null,
        1,
        null,
        10,
        null,
        null,
        1,
        null,
        13,
        13,
        13,
        13,
        13,
        3,
        3,
        3,
        3,
        3,
        3,
        null,
        10,
        null,
        13,
        null,
        null,
        null,
        null,
        null,
        null,
        null,
        null,
        null,
        13,
        null,
        null,
        null,
        null,
        null,
        null,
        null,
        null,
        0,
        null,
        null,
        null,
        null,
        null,
        null,
        null,
        null,
        0,
        0,
        null,
        0,
        0,
        null,
        null,
        1,
        null,
        1,
        17,
        null,
        null,
        null
      ],
      "/Users/karen/Gems/paid_up/spec/models/group_spec.rb": [
        1,
        1,
        null,
        1,
        1,
        null,
        1,
        3,
        2,
        2,
        null,
        null,
        1,
        1,
        1,
        null,
        1,
        null,
        2,
        2,
        null,
        null,
        1,
        1,
        2,
        2,
        null,
        1,
        2,
        2,
        null,
        null,
        null,
        1,
        3,
        2,
        2,
        null,
        null,
        1,
        2,
        2,
        null,
        null,
        1,
        1,
        2,
        2,
        null,
        1,
        2,
        2,
        null,
        null,
        null
      ],
      "/Users/karen/Gems/paid_up/spec/dummy/app/models/group.rb": [
        1,
        1,
        null,
        56,
        null
      ],
      "/Users/karen/Gems/paid_up/spec/models/paid_up/feature_spec.rb": [
        1,
        null,
        1,
        1,
        null,
        2,
        2,
        2,
        1,
        1,
        null,
        null,
        null,
        null,
        null,
        null,
        1,
        2,
        2,
        null,
        null,
        1,
        2,
        2,
        null,
        null,
        1,
        2,
        1,
        1,
        null,
        null,
        null,
        null,
        null,
        null,
        null,
        null,
        null,
        null,
        1,
        2,
        1,
        1,
        null,
        null,
        null,
        null,
        null,
        null,
        null,
        null,
        1,
        2,
        2,
        null,
        null,
        1,
        2,
        2,
        null,
        null
      ],
      "/Users/karen/Gems/paid_up/spec/models/paid_up/plan_feature_setting_spec.rb": [
        1,
        null,
        1,
        2,
        2,
        2,
        2,
        null
      ],
      "/Users/karen/Gems/paid_up/app/models/paid_up/plan_feature_setting.rb": [
        1,
        null,
        1,
        1,
        null,
        null,
        null,
        null,
        null,
        1,
        null,
        1,
        null,
        1,
        null,
        1,
        null,
        701,
        null,
        null,
        null
      ],
      "/Users/karen/Gems/paid_up/spec/models/paid_up/plan_spec.rb": [
        1,
        null,
        1,
        1,
        null,
        1,
        1,
        null,
        null,
        null,
        null,
        null,
        null,
        2,
        2,
        2,
        null,
        1,
        1,
        2,
        1,
        1,
        null,
        null,
        null,
        null,
        1,
        1,
        2,
        2,
        null,
        null,
        null,
        1,
        1,
        1,
        2,
        2,
        null,
        1,
        2,
        2,
        null,
        null,
        null,
        1,
        1,
        2,
        2,
        null,
        1,
        2,
        2,
        null,
        null,
        null,
        null,
        1,
        1,
        2,
        2,
        null,
        1,
        2,
        2,
        null,
        1,
        2,
        2,
        null,
        null,
        null,
        1,
        1,
        2,
        2,
        null,
        1,
        2,
        2,
        null,
        null,
        null,
        1,
        1,
        2,
        2,
        null,
        1,
        2,
        2,
        null,
        null,
        null,
        1,
        1,
        2,
        2,
        null,
        1,
        2,
        2,
        null,
        null,
        null,
        1,
        1,
        2,
        2,
        null,
        1,
        2,
        2,
        null,
        null,
        null,
        1,
        1,
        2,
        2,
        null,
        1,
        2,
        2,
        null,
        null,
        null,
        1,
        1,
        2,
        2,
        null,
        1,
        2,
        2,
        null,
        null,
        null
      ],
      "/Users/karen/Gems/paid_up/app/models/paid_up/plan.rb": [
        1,
        null,
        1,
        1,
        null,
        null,
        null,
        null,
        null,
        1,
        null,
        1,
        1,
        null,
        1,
        null,
        1,
        1,
        null,
        2262,
        54,
        1,
        3,
        null,
        null,
        1,
        0,
        0,
        0,
        null,
        null,
        1,
        945,
        null,
        945,
        945,
        null,
        134,
        35,
        null,
        99,
        null,
        null,
        811,
        224,
        null,
        587,
        null,
        null,
        0,
        null,
        null,
        null,
        1,
        261,
        null,
        null,
        1,
        184,
        184,
        null,
        0,
        null,
        null,
        null,
        1,
        184,
        184,
        null,
        0,
        null,
        null,
        null,
        1,
        221,
        221,
        null,
        0,
        null,
        null,
        null,
        1,
        197,
        null,
        null,
        1,
        2,
        null,
        null,
        1,
        214,
        214,
        null,
        0,
        null,
        null,
        null,
        1,
        null,
        1,
        2382,
        2377,
        null,
        null,
        1063,
        null,
        null,
        null,
        null,
        1,
        5,
        null,
        null,
        null
      ],
      "/Users/karen/Gems/paid_up/spec/models/scope_spec.rb": [
        1,
        1,
        null,
        1,
        1,
        null,
        1,
        3,
        2,
        2,
        null,
        null,
        1,
        1,
        2,
        2,
        null,
        1,
        2,
        2,
        null,
        null,
        null,
        1,
        2,
        2,
        null,
        null,
        1,
        2,
        2,
        null,
        null
      ],
      "/Users/karen/Gems/paid_up/spec/models/user_spec.rb": [
        1,
        1,
        null,
        1,
        1,
        null,
        1,
        2,
        2,
        null,
        null,
        1,
        2,
        2,
        null,
        null,
        1,
        1,
        1,
        1,
        1,
        null,
        1,
        1,
        null,
        2,
        2,
        null,
        null,
        1,
        1,
        1,
        1,
        null,
        1,
        1,
        null,
        2,
        2,
        null,
        1,
        1,
        1,
        1,
        null,
        1,
        1,
        null,
        2,
        2,
        null,
        null,
        null,
        1,
        1,
        1,
        1,
        null,
        null,
        null,
        1,
        1,
        null,
        2,
        2,
        null,
        null,
        1,
        1,
        1,
        null,
        1,
        1,
        1,
        null,
        2,
        2,
        null,
        null,
        null,
        null,
        1,
        1,
        2,
        2,
        null,
        1,
        2,
        2,
        null,
        null,
        null,
        1,
        1,
        2,
        2,
        null,
        1,
        2,
        2,
        null,
        1,
        2,
        2,
        null,
        null,
        null,
        1,
        1,
        2,
        2,
        null,
        1,
        2,
        2,
        null,
        1,
        2,
        2,
        null,
        null,
        null,
        1,
        1,
        2,
        2,
        null,
        1,
        2,
        2,
        null,
        1,
        2,
        2,
        null,
        null,
        null,
        1,
        1,
        2,
        2,
        null,
        1,
        1,
        1,
        3,
        null,
        null,
        2,
        2,
        null,
        null,
        null,
        1,
        1,
        2,
        2,
        null,
        1,
        2,
        2,
        null,
        1,
        2,
        2,
        null,
        null,
        null,
        1,
        1,
        2,
        2,
        null,
        1,
        2,
        2,
        null,
        1,
        2,
        2,
        null,
        null,
        null,
        1,
        1,
        2,
        2,
        null,
        1,
        2,
        2,
        null,
        1,
        2,
        2,
        null,
        null,
        null,
        1,
        1,
        2,
        2,
        null,
        1,
        1,
        1,
        3,
        null,
        null,
        null,
        null,
        null,
        null,
        2,
        2,
        null,
        null,
        null,
        1,
        1,
        2,
        2,
        null,
        1,
        2,
        2,
        null,
        null,
        null,
        1,
        1,
        2,
        2,
        null,
        1,
        2,
        2,
        null,
        null,
        null,
        1,
        1,
        2,
        2,
        null,
        1,
        2,
        2,
        null,
        1,
        2,
        2,
        null,
        null,
        null,
        1,
        1,
        1,
        2,
        2,
        null,
        1,
        2,
        2,
        null,
        null,
        1,
        2,
        2,
        null,
        1,
        2,
        2,
        null,
        null,
        null,
        1,
        1,
        1,
        2,
        2,
        null,
        1,
        2,
        2,
        null,
        null,
        1,
        2,
        2,
        null,
        1,
        2,
        2,
        null,
        null,
        null,
        1,
        1,
        2,
        2,
        null,
        1,
        2,
        2,
        null,
        null,
        null,
        null,
        null,
        null,
        null,
        1,
        1,
        1,
        3,
        null,
        8,
        8,
        2,
        2,
        2,
        2,
        2,
        2,
        2,
        null,
        1,
        1,
        3,
        null,
        8,
        8,
        2,
        2,
        2,
        2,
        2,
        2,
        2,
        null,
        1,
        1,
        1,
        3,
        null,
        8,
        8,
        2,
        2,
        2,
        2,
        2,
        2,
        2,
        null,
        1,
        1,
        3,
        null,
        8,
        8,
        2,
        2,
        2,
        2,
        2,
        2,
        2,
        null,
        null,
        1,
        1,
        1,
        3,
        null,
        8,
        8,
        2,
        2,
        2,
        2,
        2,
        2,
        2,
        null,
        1,
        1,
        3,
        null,
        8,
        8,
        2,
        2,
        2,
        2,
        2,
        2,
        2,
        null,
        null,
        null,
        null
      ],
      "/Users/karen/Gems/paid_up/spec/paid_up_spec.rb": [
        1,
        null,
        1,
        1,
        1,
        null,
        null
      ],
      "/Users/karen/Gems/paid_up/spec/routing/paid_up/plans_spec.rb": [
        1,
        null,
        1,
        1,
        2,
        null,
        1,
        2,
        2,
        null,
        null
      ],
      "/Users/karen/Gems/paid_up/spec/routing/paid_up/subscription_spec.rb": [
        1,
        null,
        1,
        1,
        4,
        null,
        1,
        1,
        2,
        1,
        1,
        null,
        null,
        null,
        null,
        null,
        null,
        null,
        null,
        1,
        2,
        1,
        1,
        null,
        null,
        null,
        null,
        null,
        null,
        null,
        null,
        null,
        1,
        1,
        2,
        1,
        1,
        null,
        null,
        null,
        null,
        null,
        null,
        null,
        null,
        null
      ],
      "/Users/karen/Gems/paid_up/spec/views/paid_up/plans_spec.rb": [
        1,
        null,
        1,
        1,
        null,
        1,
        1,
        10,
        10,
        null,
        10,
        10,
        10,
        null,
        1,
        11,
        2,
        2,
        2,
        2,
        2,
        2,
        2,
        2,
        2,
        2,
        null,
        null,
        null,
        1,
        1,
        10,
        10,
        null,
        10,
        10,
        10,
        null,
        1,
        11,
        2,
        2,
        2,
        2,
        2,
        2,
        2,
        2,
        2,
        2,
        null,
        null,
        null
      ],
      "/Users/karen/Gems/paid_up/spec/views/paid_up/subscriptions_spec.rb": [
        1,
        null,
        1,
        1,
        1,
        1,
        1,
        3,
        3,
        null,
        3,
        3,
        3,
        null,
        4,
        2,
        2,
        1,
        1,
        null,
        null,
        null,
        1,
        1,
        1,
        3,
        3,
        null,
        3,
        3,
        3,
        null,
        4,
        2,
        2,
        1,
        1,
        null,
        null,
        null,
        null,
        null,
        1,
        1,
        1,
        1,
        1,
        4,
        4,
        null,
        4,
        4,
        null,
        5,
        2,
        1,
        1,
        null,
        1,
        1,
        null,
        1,
        1,
        null,
        null,
        null,
        null
      ],
      "/Users/karen/Gems/paid_up/spec/dummy/lib/tasks/system.rake": [
        1,
        1,
        1,
        0,
        0,
        0,
        0,
        0,
        0,
        0,
        null,
        null
      ],
      "/Users/karen/Gems/paid_up/spec/dummy/db/seeds.rb": [
        null,
        null,
        null,
        null,
        1,
        null,
        null,
        null,
        null,
        null,
        null,
        1,
        null,
        null,
        null,
        null,
        null,
        1,
        null,
        null,
        null,
        null,
        null,
        null,
        1,
        null,
        null,
        null,
        null,
        null,
        1,
        null,
        null,
        null,
        null,
        null,
        null,
        1,
        null,
        null,
        null,
        null,
        null,
        1,
        null,
        null,
        null,
        null,
        null,
        null,
        1,
        null,
        null,
        null,
        null,
        null,
        1,
        null,
        null,
        null,
        null,
        null,
        null,
        1,
        null,
        null,
        null,
        null,
        null,
        null,
        null,
        null,
        null,
        null,
        null,
        1,
        null,
        null,
        null,
        null,
        null,
        null,
        1,
        null,
        null,
        null,
        null,
        null,
        null,
        null,
        null,
        null,
        1,
        null,
        null,
        null,
        null,
        null,
        null,
        null,
        null,
        null,
        1,
        null,
        null,
        null,
        null,
        null,
        null,
        1,
        null,
        null,
        null,
        null,
        1,
        null,
        null,
        null,
        null,
        null,
        null,
        1,
        null,
        null,
        null,
        null,
        1,
        null,
        null,
        null,
        null,
        1,
        null,
        null,
        null,
        null,
        1,
        null,
        null,
        null,
        null,
        null,
        null,
        1,
        null,
        null,
        null,
        null,
        1,
        null,
        null,
        null,
        null,
        1,
        null,
        null,
        null,
        null,
        1,
        null,
        null,
        null,
        null,
        null,
        null,
        null,
        null,
        null,
        1,
        null,
        null,
        null,
        null,
        null,
        1,
        null,
        null,
        null,
        null,
        null,
        1,
        null,
        null,
        null,
        null,
        null,
        1,
        null,
        null,
        null,
        null,
        null,
        1,
        null,
        null,
        null,
        null,
        null,
        1,
        null,
        null,
        null,
        null,
        null,
        1,
        null,
        null,
        null,
        null,
        null,
        null,
        null,
        null,
        null,
        null,
        1,
        null,
        null,
        null,
        null,
        null,
        null,
        1,
        null,
        null,
        null,
        null,
        null,
        null,
        1,
        null,
        null,
        null,
        null,
        null,
        null,
        1,
        null,
        null,
        null,
        null,
        null,
        null,
        1,
        5,
        null,
        null,
        1,
        null,
        null,
        null,
        null,
        null,
        null,
        1,
        null,
        null,
        null,
        null,
        null,
        null,
        null,
        null,
        null,
        null,
        1,
        null,
        null,
        null,
        null,
        null,
        null,
        1,
        null,
        null,
        null,
        null,
        null,
        null,
        1,
        null,
        null,
        null,
        null,
        null,
        null,
        1,
        null,
        null,
        null,
        null,
        null,
        null,
        1,
        null,
        null,
        null,
        null,
        null
      ],
      "/Users/karen/Gems/paid_up/app/models/paid_up/unlimited.rb": [
        1,
        null,
        null,
        1,
        1,
        0,
        null,
        null,
        1,
        1016,
        null,
        null,
        1,
        0,
        null,
        null,
        null
      ],
      "/Users/karen/Gems/paid_up/spec/dummy/app/models/role.rb": [
        1,
        1,
        1,
        null,
        1,
        null,
        null,
        null,
        1,
        null
      ],
      "/Users/karen/Gems/paid_up/spec/dummy/app/models/post.rb": [
        1,
        1,
        null,
        62,
        null
      ],
      "/Users/karen/Gems/paid_up/spec/dummy/app/models/doodad.rb": [
        1,
        1,
        null
      ],
      "/Users/karen/Gems/paid_up/spec/dummy/app/models/ability.rb": [
        1,
        1,
        1,
        null,
        1,
        46,
        null,
        null,
        null,
        46,
        null,
        null
      ],
      "/Users/karen/Gems/paid_up/app/models/paid_up/ability.rb": [
        1,
        null,
        1,
        1,
        null,
        1,
        46,
        46,
        184,
        null,
        92,
        92,
        null,
        92,
        78,
        78,
        78,
        null,
        78,
        null,
        14,
        14,
        14,
        14,
        null,
        null,
        46,
        46,
        null,
        46,
        32,
        null,
        null,
        null,
        null,
        32,
        32,
        null,
        32,
        null,
        14,
        14,
        14,
        14,
        null,
        null,
        46,
        32,
        null,
        null,
        0,
        null,
        null,
        null,
        null,
        null
      ]
    },
    "timestamp": 1487550963
  }
}
