{
  "RSpec": {
    "coverage": {
      "/home/work/Gems/paid_up/spec/dummy/config/environment.rb": [
        null,
        1,
        null,
        null,
        0
      ],
      "/home/work/Gems/paid_up/spec/dummy/config/application.rb": [
        1,
        null,
        null,
        1,
        1,
        null,
        1,
        1,
        null,
        1,
        1,
        null,
        0,
        0,
        null,
        null,
        null,
        null,
        null,
        null,
        null,
        null,
        null,
        null,
        null,
        null,
        null,
        0,
        null,
        null,
        null
      ],
      "/home/work/Gems/paid_up/spec/dummy/config/boot.rb": [
        null,
        1,
        null,
        1,
        1
      ],
      "/home/work/Gems/paid_up/lib/paid_up.rb": [
        1,
        null,
        null,
        1,
        1,
        1,
        1,
        1,
        null,
        1,
        null,
        1,
        1,
        1,
        1,
        null,
        1,
        1,
        null,
        1,
        1,
        0,
        0,
        0,
        0,
        null,
        0,
        0,
        null,
        0,
        0,
        null,
        0,
        0,
        null,
        0,
        0,
        null,
        null,
        0,
        null,
        0,
        0,
        null,
        0,
        0
      ],
      "/home/work/Gems/paid_up/lib/paid_up/validators/table_rows.rb": [
        1,
        1,
        1,
        0,
        0,
        null,
        null,
        null,
        null
      ],
      "/home/work/Gems/paid_up/lib/paid_up/validators/rolify_rows.rb": [
        1,
        1,
        1,
        0,
        0,
        null,
        null,
        null,
        null
      ],
      "/home/work/Gems/paid_up/lib/paid_up/configuration.rb": [
        1,
        1,
        0,
        0,
        null,
        0,
        null,
        null,
        1,
        0,
        null,
        null,
        1,
        1,
        null,
        1,
        0,
        0,
        0,
        0,
        null,
        null,
        null
      ],
      "/home/work/Gems/paid_up/lib/paid_up/feature.rb": [
        1,
        null,
        1,
        null,
        1,
        0,
        0,
        null,
        null,
        1,
        0,
        null,
        null,
        null,
        1,
        1,
        1,
        null,
        1,
        null,
        1,
        1,
        1,
        1,
        null,
        1,
        null,
        0,
        0,
        null,
        null,
        0,
        0,
        null,
        null,
        0,
        0,
        0,
        0,
        null,
        0,
        null,
        null,
        0,
        0,
        null,
        null,
        0,
        0,
        null,
        null,
        0,
        0,
        null,
        null,
        0,
        0,
        0,
        0,
        0,
        0,
        0,
        null,
        null,
        0,
        0,
        null,
        null,
        0,
        null,
        null,
        0,
        0,
        null,
        null,
        null,
        0,
        null,
        0,
        0,
        0,
        0,
        null,
        0,
        null,
        null,
        null,
        0,
        0,
        null,
        null,
        null
      ]
    },
    "timestamp": 1434671178
  }
}
